f:\empty space\empty space\debug\vc120.pdb
f:\empty space\empty space\debug\vc120.idb
f:\empty space\empty space\debug\artefact.obj
f:\empty space\empty space\debug\babydragon.obj
f:\empty space\empty space\debug\difficulty.obj
f:\empty space\empty space\debug\events.obj
f:\empty space\empty space\debug\game.obj
f:\empty space\empty space\debug\graphics.obj
f:\empty space\empty space\debug\human.obj
f:\empty space\empty space\debug\hydra.obj
f:\empty space\empty space\debug\interface.obj
f:\empty space\empty space\debug\loadsavegame.obj
f:\empty space\empty space\debug\main.obj
f:\empty space\empty space\debug\map.obj
f:\empty space\empty space\debug\menu.obj
f:\empty space\empty space\debug\minotaur.obj
f:\empty space\empty space\debug\monster.obj
f:\empty space\empty space\debug\ogre.obj
f:\empty space\empty space\debug\player.obj
f:\empty space\empty space\debug\playerhandling.obj
f:\empty space\empty space\debug\status.obj
f:\empty space\empty space\debug\zombie.obj
f:\empty space\empty space\debug\ancientmummy.obj
f:\empty space\debug\empty space.ilk
f:\empty space\debug\empty space.exe
f:\empty space\debug\empty space.pdb
e:\empty space\empty space\debug\artefact.obj
e:\empty space\empty space\debug\babydragon.obj
e:\empty space\empty space\debug\difficulty.obj
e:\empty space\empty space\debug\events.obj
e:\empty space\empty space\debug\game.obj
e:\empty space\empty space\debug\graphics.obj
e:\empty space\empty space\debug\human.obj
e:\empty space\empty space\debug\hydra.obj
e:\empty space\empty space\debug\interface.obj
e:\empty space\empty space\debug\loadsavegame.obj
e:\empty space\empty space\debug\main.obj
e:\empty space\empty space\debug\map.obj
e:\empty space\empty space\debug\menu.obj
e:\empty space\empty space\debug\minotaur.obj
e:\empty space\empty space\debug\monster.obj
e:\empty space\empty space\debug\ogre.obj
e:\empty space\empty space\debug\player.obj
e:\empty space\empty space\debug\playerhandling.obj
e:\empty space\empty space\debug\status.obj
e:\empty space\empty space\debug\zombie.obj
e:\empty space\empty space\debug\ancientmummy.obj
e:\empty space\empty space\debug\entity.obj
e:\empty space\empty space\debug\vc120.idb
e:\empty space\empty space\debug\vc120.pdb
e:\empty space\debug\empty space.pdb
e:\empty space\debug\empty space.exe
e:\empty space\debug\empty space.ilk
e:\empty space\empty space\debug\empty space.tlog\cl.read.1.tlog
e:\empty space\empty space\debug\empty space.tlog\link.read.1.tlog
e:\empty space\empty space\debug\empty space.tlog\cl.write.1.tlog
e:\empty space\empty space\debug\empty space.tlog\link.write.1.tlog
e:\empty space\empty space\debug\empty space.tlog\cl.command.1.tlog
e:\empty space\empty space\debug\empty space.tlog\link.command.1.tlog
